SF:lib\models\tarea.dart
DA:31,4
DA:42,4
DA:47,4
DA:48,4
DA:49,4
DA:50,4
DA:51,4
DA:52,2
DA:53,2
DA:54,4
DA:55,4
LF:11
LH:11
end_of_record
SF:lib\models\tarea.g.dart
DA:13,0
DA:15,0
DA:16,0
DA:17,0
DA:19,0
DA:20,0
DA:21,0
DA:22,0
DA:23,0
DA:24,0
DA:25,0
DA:26,0
DA:27,0
DA:31,3
DA:34,3
DA:35,3
DA:36,6
DA:37,3
DA:38,6
DA:39,3
DA:40,6
DA:41,3
DA:42,6
DA:43,3
DA:44,6
DA:45,3
DA:46,6
DA:47,3
DA:48,6
DA:49,3
DA:50,6
DA:53,0
DA:54,0
DA:56,0
DA:59,0
DA:60,0
DA:61,0
LF:37
LH:18
end_of_record
SF:lib\services\tareas_service.dart
DA:18,6
DA:19,6
DA:20,4
DA:21,2
DA:23,3
DA:24,6
DA:25,6
DA:26,6
DA:27,6
DA:29,9
DA:30,9
DA:31,9
DA:33,6
DA:34,6
DA:35,6
DA:36,3
DA:40,6
DA:41,3
DA:44,3
DA:45,6
DA:46,3
DA:47,6
DA:48,6
DA:52,3
DA:53,6
DA:54,3
DA:55,6
DA:56,6
DA:60,2
DA:61,4
DA:62,2
DA:63,4
DA:64,2
DA:68,1
DA:69,2
DA:70,2
DA:73,3
DA:74,14
DA:75,6
DA:76,3
DA:77,3
DA:80,2
DA:81,12
DA:82,4
DA:83,4
DA:84,2
DA:85,2
DA:89,3
DA:90,15
DA:91,6
DA:92,15
DA:93,3
DA:94,3
DA:95,3
DA:98,3
DA:99,15
DA:100,6
DA:101,15
DA:103,3
DA:104,9
DA:106,3
DA:107,3
DA:111,2
DA:112,4
DA:113,4
DA:114,2
DA:115,2
DA:119,1
DA:120,1
DA:121,1
DA:122,1
DA:125,0
DA:127,0
DA:128,0
DA:129,0
DA:130,0
DA:132,0
DA:134,0
DA:137,0
DA:138,0
DA:141,0
DA:143,0
DA:144,0
DA:145,0
DA:146,0
DA:147,0
DA:148,0
LF:87
LH:71
end_of_record
